Looking in indexes: https://download.pytorch.org/whl/cu128
Collecting torch==2.11.0+cu128
  Downloading torch-2.11.0%2Bcu128-cp310-cp310-win_amd64.whl.metadata (29 kB)
Requirement already satisfied: filelock in .\.venv\lib\site-packages (from torch==2.11.0+cu128) (3.29.4)
Requirement already satisfied: typing-extensions>=4.10.0 in .\.venv\lib\site-packages (from torch==2.11.0+cu128) (4.15.0)
Requirement already satisfied: setuptools<82 in .\.venv\lib\site-packages (from torch==2.11.0+cu128) (81.0.0)
Requirement already satisfied: sympy>=1.13.3 in .\.venv\lib\site-packages (from torch==2.11.0+cu128) (1.14.0)
Requirement already satisfied: networkx>=2.5.1 in .\.venv\lib\site-packages (from torch==2.11.0+cu128) (3.4.2)
Requirement already satisfied: jinja2 in .\.venv\lib\site-packages (from torch==2.11.0+cu128) (3.1.6)
Requirement already satisfied: fsspec>=0.8.5 in .\.venv\lib\site-packages (from torch==2.11.0+cu128) (2023.6.0)
Requirement already satisfied: mpmath<1.4,>=1.1.0 in .\.venv\lib\site-packages (from sympy>=1.13.3->torch==2.11.0+cu128) (1.3.0)
Requirement already satisfied: MarkupSafe>=2.0 in .\.venv\lib\site-packages (from jinja2->torch==2.11.0+cu128) (3.0.3)
Downloading torch-2.11.0%2Bcu128-cp310-cp310-win_amd64.whl (2753.2 MB)
   ---------------------------------------- 2.8/2.8 GB 11.8 MB/s  0:02:12
Installing collected packages: torch
  Attempting uninstall: torch
    Found existing installation: torch 2.12.1
    Uninstalling torch-2.12.1:
      Successfully uninstalled torch-2.12.1
Successfully installed torch-2.11.0+cu128
