C:\Users\Abhishek Sharma\Desktop\RawPPO\.venv\lib\site-packages\stable_baselines3\common\on_policy_algorithm.py:150: UserWarning: You are trying to run PPO on the GPU, but it is primarily intended to run on the CPU when not using a CNN policy (you are using ActorCriticPolicy which should be a MlpPolicy). See https://github.com/DLR-RM/stable-baselines3/issues/1245 for more info. You can pass `device='cpu'` or `export CUDA_VISIBLE_DEVICES=` to force using the CPU.Note: The model will train, but the GPU utilization will be poor and the training might take longer than on CPU.
  warnings.warn(
[nautilus modern] train rows=34966 eval rows=9897 device=cuda ent_coef=None (thread-bridge: slow)
Using cuda device
Wrapping the env in a DummyVecEnv.
-----------------------------
| time/              |      |
|    fps             | 309  |
|    iterations      | 1    |
|    time_elapsed    | 6    |
|    total_timesteps | 2048 |
-----------------------------
------------------------------------------
| time/                   |              |
|    fps                  | 324          |
|    iterations           | 2            |
|    time_elapsed         | 12           |
|    total_timesteps      | 4096         |
| train/                  |              |
|    approx_kl            | 0.0057897065 |
|    clip_fraction        | 0.0218       |
|    clip_range           | 0.2          |
|    entropy_loss         | -1.1         |
|    explained_variance   | -0.0307      |
|    learning_rate        | 0.000239     |
|    loss                 | 2.04         |
|    n_updates            | 10           |
|    policy_gradient_loss | -0.00393     |
|    value_loss           | 18.2         |
------------------------------------------
-------------------------------------------
| time/                   |               |
|    fps                  | 366           |
|    iterations           | 3             |
|    time_elapsed         | 16            |
|    total_timesteps      | 6144          |
| train/                  |               |
|    approx_kl            | 0.00054551073 |
|    clip_fraction        | 0             |
|    clip_range           | 0.2           |
|    entropy_loss         | -1.09         |
|    explained_variance   | -0.102        |
|    learning_rate        | 0.000177      |
|    loss                 | 14.7          |
|    n_updates            | 20            |
|    policy_gradient_loss | -0.000611     |
|    value_loss           | 69.7          |
-------------------------------------------
------------------------------------------
| time/                   |              |
|    fps                  | 400          |
|    iterations           | 4            |
|    time_elapsed         | 20           |
|    total_timesteps      | 8192         |
| train/                  |              |
|    approx_kl            | 9.400779e-05 |
|    clip_fraction        | 0            |
|    clip_range           | 0.2          |
|    entropy_loss         | -1.09        |
|    explained_variance   | 0.0202       |
|    learning_rate        | 0.000116     |
|    loss                 | 164          |
|    n_updates            | 30           |
|    policy_gradient_loss | -0.00023     |
|    value_loss           | 356          |
------------------------------------------
-------------------------------------------
| time/                   |               |
|    fps                  | 425           |
|    iterations           | 5             |
|    time_elapsed         | 24            |
|    total_timesteps      | 10240         |
| train/                  |               |
|    approx_kl            | 2.1391199e-05 |
|    clip_fraction        | 0             |
|    clip_range           | 0.2           |
|    entropy_loss         | -1.09         |
|    explained_variance   | -0.0104       |
|    learning_rate        | 5.42e-05      |
|    loss                 | 364           |
|    n_updates            | 40            |
|    policy_gradient_loss | -0.000139     |
|    value_loss           | 755           |
-------------------------------------------
  RESULT pos={'short_frac': 0.2916329830234438, 'flat_frac': 0.32892077607113984, 'long_frac': 0.37944624090541634} cum=-9.48% sharpe=-0.42
  model=methods/nautilus/models/nautilusppo_modern_10k.zip metrics=methods\nautilus\models\nautilusppo_modern_10k_metrics.json
