train rows=34966 (2017-01-01..2022-12-31) | eval rows=9897 (2023-01-02..2024-09-12)
PPO: ent_coef=0.03 (RawPPO default 0.01) | timesteps=150000
Using cpu device
-----------------------------
| time/              |      |
|    fps             | 1195 |
|    iterations      | 1    |
|    time_elapsed    | 1    |
|    total_timesteps | 2048 |
-----------------------------
-----------------------------------------
| time/                   |             |
|    fps                  | 982         |
|    iterations           | 2           |
|    time_elapsed         | 4           |
|    total_timesteps      | 4096        |
| train/                  |             |
|    approx_kl            | 0.009362128 |
|    clip_fraction        | 0.0343      |
|    clip_range           | 0.2         |
|    entropy_loss         | -1.09       |
|    explained_variance   | -0.0259     |
|    learning_rate        | 0.000296    |
|    loss                 | 3.19        |
|    n_updates            | 10          |
|    policy_gradient_loss | -0.00384    |
|    value_loss           | 23.8        |
-----------------------------------------
------------------------------------------
| time/                   |              |
|    fps                  | 934          |
|    iterations           | 3            |
|    time_elapsed         | 6            |
|    total_timesteps      | 6144         |
| train/                  |              |
|    approx_kl            | 0.0041383873 |
|    clip_fraction        | 9.77e-05     |
|    clip_range           | 0.2          |
|    entropy_loss         | -1.09        |
|    explained_variance   | 0.181        |
|    learning_rate        | 0.000292     |
|    loss                 | 10.8         |
|    n_updates            | 20           |
|    policy_gradient_loss | -0.00132     |
|    value_loss           | 64.3         |
------------------------------------------
------------------------------------------
| time/                   |              |
|    fps                  | 899          |
|    iterations           | 4            |
|    time_elapsed         | 9            |
|    total_timesteps      | 8192         |
| train/                  |              |
|    approx_kl            | 0.0007293144 |
|    clip_fraction        | 0            |
|    clip_range           | 0.2          |
|    entropy_loss         | -1.08        |
|    explained_variance   | -0.000193    |
|    learning_rate        | 0.000288     |
|    loss                 | 73.7         |
|    n_updates            | 30           |
|    policy_gradient_loss | -0.00114     |
|    value_loss           | 195          |
------------------------------------------
------------------------------------------
| time/                   |              |
|    fps                  | 886          |
|    iterations           | 5            |
|    time_elapsed         | 11           |
|    total_timesteps      | 10240        |
| train/                  |              |
|    approx_kl            | 0.0017862768 |
|    clip_fraction        | 0            |
|    clip_range           | 0.2          |
|    entropy_loss         | -1.09        |
|    explained_variance   | -0.00681     |
|    learning_rate        | 0.000284     |
|    loss                 | 122          |
|    n_updates            | 40           |
|    policy_gradient_loss | -0.00114     |
|    value_loss           | 304          |
------------------------------------------
------------------------------------------
| time/                   |              |
|    fps                  | 883          |
|    iterations           | 6            |
|    time_elapsed         | 13           |
|    total_timesteps      | 12288        |
| train/                  |              |
|    approx_kl            | 7.425144e-05 |
|    clip_fraction        | 0            |
|    clip_range           | 0.2          |
|    entropy_loss         | -1.09        |
|    explained_variance   | -0.00186     |
|    learning_rate        | 0.00028      |
|    loss                 | 174          |
|    n_updates            | 50           |
|    policy_gradient_loss | -0.000328    |
|    value_loss           | 409          |
------------------------------------------
-------------------------------------------
| time/                   |               |
|    fps                  | 880           |
|    iterations           | 7             |
|    time_elapsed         | 16            |
|    total_timesteps      | 14336         |
| train/                  |               |
|    approx_kl            | 0.00040011722 |
|    clip_fraction        | 0             |
|    clip_range           | 0.2           |
|    entropy_loss         | -1.08         |
|    explained_variance   | -3.53e-05     |
|    learning_rate        | 0.000275      |
|    loss                 | 211           |
|    n_updates            | 60            |
|    policy_gradient_loss | -0.00143      |
|    value_loss           | 485           |
-------------------------------------------
------------------------------------------
| time/                   |              |
|    fps                  | 871          |
|    iterations           | 8            |
|    time_elapsed         | 18           |
|    total_timesteps      | 16384        |
| train/                  |              |
|    approx_kl            | 0.0011218213 |
|    clip_fraction        | 0            |
|    clip_range           | 0.2          |
|    entropy_loss         | -1.08        |
|    explained_variance   | 0.000213     |
|    learning_rate        | 0.000271     |
|    loss                 | 236          |
|    n_updates            | 70           |
|    policy_gradient_loss | -0.000824    |
|    value_loss           | 539          |
------------------------------------------
-------------------------------------------
| time/                   |               |
|    fps                  | 859           |
|    iterations           | 9             |
|    time_elapsed         | 21            |
|    total_timesteps      | 18432         |
| train/                  |               |
|    approx_kl            | 0.00026791697 |
|    clip_fraction        | 0             |
|    clip_range           | 0.2           |
|    entropy_loss         | -1.09         |
|    explained_variance   | -0.000175     |
|    learning_rate        | 0.000267      |
|    loss                 | 251           |
|    n_updates            | 80            |
|    policy_gradient_loss | -0.000566     |
|    value_loss           | 569           |
-------------------------------------------
------------------------------------------
| time/                   |              |
|    fps                  | 855          |
|    iterations           | 10           |
|    time_elapsed         | 23           |
|    total_timesteps      | 20480        |
| train/                  |              |
|    approx_kl            | 0.0050478973 |
|    clip_fraction        | 0.000537     |
|    clip_range           | 0.2          |
|    entropy_loss         | -1.08        |
|    explained_variance   | -0.000247    |
|    learning_rate        | 0.000263     |
|    loss                 | 267          |
|    n_updates            | 90           |
|    policy_gradient_loss | -0.00312     |
|    value_loss           | 606          |
------------------------------------------
------------------------------------------
| time/                   |              |
|    fps                  | 856          |
|    iterations           | 11           |
|    time_elapsed         | 26           |
|    total_timesteps      | 22528        |
| train/                  |              |
|    approx_kl            | 0.0021252688 |
|    clip_fraction        | 0            |
|    clip_range           | 0.2          |
|    entropy_loss         | -1.07        |
|    explained_variance   | 0.000628     |
|    learning_rate        | 0.000259     |
|    loss                 | 280          |
|    n_updates            | 100          |
|    policy_gradient_loss | -0.00151     |
|    value_loss           | 628          |
------------------------------------------
-----------------------------------------
| time/                   |             |
|    fps                  | 852         |
|    iterations           | 12          |
|    time_elapsed         | 28          |
|    total_timesteps      | 24576       |
| train/                  |             |
|    approx_kl            | 0.002066691 |
|    clip_fraction        | 0           |
|    clip_range           | 0.2         |
|    entropy_loss         | -1.07       |
|    explained_variance   | -0.00136    |
|    learning_rate        | 0.000255    |
|    loss                 | 283         |
|    n_updates            | 110         |
|    policy_gradient_loss | -0.00174    |
|    value_loss           | 638         |
-----------------------------------------
-----------------------------------------
| time/                   |             |
|    fps                  | 840         |
|    iterations           | 13          |
|    time_elapsed         | 31          |
|    total_timesteps      | 26624       |
| train/                  |             |
|    approx_kl            | 0.006024368 |
|    clip_fraction        | 0.0314      |
|    clip_range           | 0.2         |
|    entropy_loss         | -1.05       |
|    explained_variance   | 0.00175     |
|    learning_rate        | 0.000251    |
|    loss                 | 286         |
|    n_updates            | 120         |
|    policy_gradient_loss | -0.00705    |
|    value_loss           | 631         |
-----------------------------------------
------------------------------------------
| time/                   |              |
|    fps                  | 827          |
|    iterations           | 14           |
|    time_elapsed         | 34           |
|    total_timesteps      | 28672        |
| train/                  |              |
|    approx_kl            | 0.0011152234 |
|    clip_fraction        | 0            |
|    clip_range           | 0.2          |
|    entropy_loss         | -1.05        |
|    explained_variance   | 1.94e-05     |
|    learning_rate        | 0.000247     |
|    loss                 | 273          |
|    n_updates            | 130          |
|    policy_gradient_loss | -0.000784    |
|    value_loss           | 616          |
------------------------------------------
------------------------------------------
| time/                   |              |
|    fps                  | 821          |
|    iterations           | 15           |
|    time_elapsed         | 37           |
|    total_timesteps      | 30720        |
| train/                  |              |
|    approx_kl            | 0.0052832104 |
|    clip_fraction        | 0.00937      |
|    clip_range           | 0.2          |
|    entropy_loss         | -1           |
|    explained_variance   | 4.59e-05     |
|    learning_rate        | 0.000243     |
|    loss                 | 271          |
|    n_updates            | 140          |
|    policy_gradient_loss | -0.00241     |
|    value_loss           | 610          |
------------------------------------------
-----------------------------------------
| time/                   |             |
|    fps                  | 819         |
|    iterations           | 16          |
|    time_elapsed         | 39          |
|    total_timesteps      | 32768       |
| train/                  |             |
|    approx_kl            | 0.007206988 |
|    clip_fraction        | 0.0153      |
|    clip_range           | 0.2         |
|    entropy_loss         | -0.957      |
|    explained_variance   | 4.77e-05    |
|    learning_rate        | 0.000239    |
|    loss                 | 266         |
|    n_updates            | 150         |
|    policy_gradient_loss | -0.00454    |
|    value_loss           | 590         |
-----------------------------------------
------------------------------------------
| rollout/                |              |
|    ep_len_mean          | 3.42e+04     |
|    ep_rew_mean          | -5.72e+04    |
| time/                   |              |
|    fps                  | 820          |
|    iterations           | 17           |
|    time_elapsed         | 42           |
|    total_timesteps      | 34816        |
| train/                  |              |
|    approx_kl            | 0.0043554613 |
|    clip_fraction        | 0.0103       |
|    clip_range           | 0.2          |
|    entropy_loss         | -0.906       |
|    explained_variance   | 7.1e-05      |
|    learning_rate        | 0.000234     |
|    loss                 | 259          |
|    n_updates            | 160          |
|    policy_gradient_loss | -0.00235     |
|    value_loss           | 572          |
------------------------------------------
------------------------------------------
| rollout/                |              |
|    ep_len_mean          | 3.42e+04     |
|    ep_rew_mean          | -5.72e+04    |
| time/                   |              |
|    fps                  | 814          |
|    iterations           | 18           |
|    time_elapsed         | 45           |
|    total_timesteps      | 36864        |
| train/                  |              |
|    approx_kl            | 0.0042884625 |
|    clip_fraction        | 0.0269       |
|    clip_range           | 0.2          |
|    entropy_loss         | -0.937       |
|    explained_variance   | -1.9e-05     |
|    learning_rate        | 0.00023      |
|    loss                 | 185          |
|    n_updates            | 170          |
|    policy_gradient_loss | -0.00399     |
|    value_loss           | 398          |
------------------------------------------
------------------------------------------
| rollout/                |              |
|    ep_len_mean          | 3.42e+04     |
|    ep_rew_mean          | -5.72e+04    |
| time/                   |              |
|    fps                  | 810          |
|    iterations           | 19           |
|    time_elapsed         | 47           |
|    total_timesteps      | 38912        |
| train/                  |              |
|    approx_kl            | 0.0091108885 |
|    clip_fraction        | 0.0662       |
|    clip_range           | 0.2          |
|    entropy_loss         | -0.851       |
|    explained_variance   | -0.000479    |
|    learning_rate        | 0.000226     |
|    loss                 | 1.73         |
|    n_updates            | 180          |
|    policy_gradient_loss | -0.00721     |
|    value_loss           | 7.72         |
------------------------------------------
------------------------------------------
| rollout/                |              |
|    ep_len_mean          | 3.42e+04     |
|    ep_rew_mean          | -5.72e+04    |
| time/                   |              |
|    fps                  | 808          |
|    iterations           | 20           |
|    time_elapsed         | 50           |
|    total_timesteps      | 40960        |
| train/                  |              |
|    approx_kl            | 0.0059599825 |
|    clip_fraction        | 0.0867       |
|    clip_range           | 0.2          |
|    entropy_loss         | -0.977       |
|    explained_variance   | -1.28        |
|    learning_rate        | 0.000222     |
|    loss                 | 7.7          |
|    n_updates            | 190          |
|    policy_gradient_loss | -0.00247     |
|    value_loss           | 24.3         |
------------------------------------------
------------------------------------------
| rollout/                |              |
|    ep_len_mean          | 3.42e+04     |
|    ep_rew_mean          | -5.72e+04    |
| time/                   |              |
|    fps                  | 810          |
|    iterations           | 21           |
|    time_elapsed         | 53           |
|    total_timesteps      | 43008        |
| train/                  |              |
|    approx_kl            | 0.0057764226 |
|    clip_fraction        | 0.0235       |
|    clip_range           | 0.2          |
|    entropy_loss         | -0.908       |
|    explained_variance   | -9.07e-05    |
|    learning_rate        | 0.000218     |
|    loss                 | 29.1         |
|    n_updates            | 200          |
|    policy_gradient_loss | -0.0058      |
|    value_loss           | 77.5         |
------------------------------------------
------------------------------------------
| rollout/                |              |
|    ep_len_mean          | 3.42e+04     |
|    ep_rew_mean          | -5.72e+04    |
| time/                   |              |
|    fps                  | 814          |
|    iterations           | 22           |
|    time_elapsed         | 55           |
|    total_timesteps      | 45056        |
| train/                  |              |
|    approx_kl            | 0.0075322986 |
|    clip_fraction        | 0.0216       |
|    clip_range           | 0.2          |
|    entropy_loss         | -0.849       |
|    explained_variance   | 0.000111     |
|    learning_rate        | 0.000214     |
|    loss                 | 48.8         |
|    n_updates            | 210          |
|    policy_gradient_loss | -0.00364     |
|    value_loss           | 121          |
------------------------------------------
-----------------------------------------
| rollout/                |             |
|    ep_len_mean          | 3.42e+04    |
|    ep_rew_mean          | -5.72e+04   |
| time/                   |             |
|    fps                  | 815         |
|    iterations           | 23          |
|    time_elapsed         | 57          |
|    total_timesteps      | 47104       |
| train/                  |             |
|    approx_kl            | 0.006016928 |
|    clip_fraction        | 0.0271      |
|    clip_range           | 0.2         |
|    entropy_loss         | -0.845      |
|    explained_variance   | -4.21e-05   |
|    learning_rate        | 0.00021     |
|    loss                 | 67.2        |
|    n_updates            | 220         |
|    policy_gradient_loss | -0.00449    |
|    value_loss           | 160         |
-----------------------------------------
------------------------------------------
| rollout/                |              |
|    ep_len_mean          | 3.42e+04     |
|    ep_rew_mean          | -5.72e+04    |
| time/                   |              |
|    fps                  | 815          |
|    iterations           | 24           |
|    time_elapsed         | 60           |
|    total_timesteps      | 49152        |
| train/                  |              |
|    approx_kl            | 0.0066147335 |
|    clip_fraction        | 0.0183       |
|    clip_range           | 0.2          |
|    entropy_loss         | -0.807       |
|    explained_variance   | 8.83e-05     |
|    learning_rate        | 0.000206     |
|    loss                 | 77.4         |
|    n_updates            | 230          |
|    policy_gradient_loss | -0.00403     |
|    value_loss           | 181          |
------------------------------------------
-----------------------------------------
| rollout/                |             |
|    ep_len_mean          | 3.42e+04    |
|    ep_rew_mean          | -5.72e+04   |
| time/                   |             |
|    fps                  | 814         |
|    iterations           | 25          |
|    time_elapsed         | 62          |
|    total_timesteps      | 51200       |
| train/                  |             |
|    approx_kl            | 0.009213533 |
|    clip_fraction        | 0.044       |
|    clip_range           | 0.2         |
|    entropy_loss         | -0.747      |
|    explained_variance   | 0.000258    |
|    learning_rate        | 0.000202    |
|    loss                 | 95.2        |
|    n_updates            | 240         |
|    policy_gradient_loss | -0.00489    |
|    value_loss           | 218         |
-----------------------------------------
------------------------------------------
| rollout/                |              |
|    ep_len_mean          | 3.42e+04     |
|    ep_rew_mean          | -5.72e+04    |
| time/                   |              |
|    fps                  | 809          |
|    iterations           | 26           |
|    time_elapsed         | 65           |
|    total_timesteps      | 53248        |
| train/                  |              |
|    approx_kl            | 0.0045675132 |
|    clip_fraction        | 0.0187       |
|    clip_range           | 0.2          |
|    entropy_loss         | -0.733       |
|    explained_variance   | 0.000237     |
|    learning_rate        | 0.000198     |
|    loss                 | 113          |
|    n_updates            | 250          |
|    policy_gradient_loss | -0.00517     |
|    value_loss           | 260          |
------------------------------------------
------------------------------------------
| rollout/                |              |
|    ep_len_mean          | 3.42e+04     |
|    ep_rew_mean          | -5.72e+04    |
| time/                   |              |
|    fps                  | 803          |
|    iterations           | 27           |
|    time_elapsed         | 68           |
|    total_timesteps      | 55296        |
| train/                  |              |
|    approx_kl            | 0.0007708203 |
|    clip_fraction        | 0.000195     |
|    clip_range           | 0.2          |
|    entropy_loss         | -0.621       |
|    explained_variance   | -1.67e-05    |
|    learning_rate        | 0.000194     |
|    loss                 | 125          |
|    n_updates            | 260          |
|    policy_gradient_loss | -0.00108     |
|    value_loss           | 280          |
------------------------------------------
------------------------------------------
| rollout/                |              |
|    ep_len_mean          | 3.42e+04     |
|    ep_rew_mean          | -5.72e+04    |
| time/                   |              |
|    fps                  | 798          |
|    iterations           | 28           |
|    time_elapsed         | 71           |
|    total_timesteps      | 57344        |
| train/                  |              |
|    approx_kl            | 0.0042284084 |
|    clip_fraction        | 0.0115       |
|    clip_range           | 0.2          |
|    entropy_loss         | -0.702       |
|    explained_variance   | 0.000119     |
|    learning_rate        | 0.000189     |
|    loss                 | 131          |
|    n_updates            | 270          |
|    policy_gradient_loss | -0.0033      |
|    value_loss           | 294          |
------------------------------------------
------------------------------------------
| rollout/                |              |
|    ep_len_mean          | 3.42e+04     |
|    ep_rew_mean          | -5.72e+04    |
| time/                   |              |
|    fps                  | 796          |
|    iterations           | 29           |
|    time_elapsed         | 74           |
|    total_timesteps      | 59392        |
| train/                  |              |
|    approx_kl            | 0.0042347694 |
|    clip_fraction        | 0.0257       |
|    clip_range           | 0.2          |
|    entropy_loss         | -0.542       |
|    explained_variance   | 0.000144     |
|    learning_rate        | 0.000185     |
|    loss                 | 131          |
|    n_updates            | 280          |
|    policy_gradient_loss | -0.00311     |
|    value_loss           | 294          |
------------------------------------------
------------------------------------------
| rollout/                |              |
|    ep_len_mean          | 3.42e+04     |
|    ep_rew_mean          | -5.72e+04    |
| time/                   |              |
|    fps                  | 796          |
|    iterations           | 30           |
|    time_elapsed         | 77           |
|    total_timesteps      | 61440        |
| train/                  |              |
|    approx_kl            | 0.0012664762 |
|    clip_fraction        | 0.000293     |
|    clip_range           | 0.2          |
|    entropy_loss         | -0.597       |
|    explained_variance   | 3.21e-05     |
|    learning_rate        | 0.000181     |
|    loss                 | 133          |
|    n_updates            | 290          |
|    policy_gradient_loss | -0.00113     |
|    value_loss           | 299          |
------------------------------------------
-------------------------------------------
| rollout/                |               |
|    ep_len_mean          | 3.12e+04      |
|    ep_rew_mean          | -4.94e+04     |
| time/                   |               |
|    fps                  | 797           |
|    iterations           | 31            |
|    time_elapsed         | 79            |
|    total_timesteps      | 63488         |
| train/                  |               |
|    approx_kl            | 0.00084779377 |
|    clip_fraction        | 0.00137       |
|    clip_range           | 0.2           |
|    entropy_loss         | -0.5          |
|    explained_variance   | 5.69e-05      |
|    learning_rate        | 0.000177      |
|    loss                 | 133           |
|    n_updates            | 300           |
|    policy_gradient_loss | -0.00149      |
|    value_loss           | 297           |
-------------------------------------------
-----------------------------------------
| rollout/                |             |
|    ep_len_mean          | 3.12e+04    |
|    ep_rew_mean          | -4.94e+04   |
| time/                   |             |
|    fps                  | 798         |
|    iterations           | 32          |
|    time_elapsed         | 82          |
|    total_timesteps      | 65536       |
| train/                  |             |
|    approx_kl            | 0.010279284 |
|    clip_fraction        | 0.0425      |
|    clip_range           | 0.2         |
|    entropy_loss         | -0.427      |
|    explained_variance   | -7.36e-05   |
|    learning_rate        | 0.000173    |
|    loss                 | 124         |
|    n_updates            | 310         |
|    policy_gradient_loss | -0.00113    |
|    value_loss           | 255         |
-----------------------------------------
------------------------------------------
| rollout/                |              |
|    ep_len_mean          | 3.12e+04     |
|    ep_rew_mean          | -4.94e+04    |
| time/                   |              |
|    fps                  | 798          |
|    iterations           | 33           |
|    time_elapsed         | 84           |
|    total_timesteps      | 67584        |
| train/                  |              |
|    approx_kl            | 0.0030121042 |
|    clip_fraction        | 0.0357       |
|    clip_range           | 0.2          |
|    entropy_loss         | -0.496       |
|    explained_variance   | 0.704        |
|    learning_rate        | 0.000169     |
|    loss                 | 75.8         |
|    n_updates            | 320          |
|    policy_gradient_loss | -0.000618    |
|    value_loss           | 283          |
------------------------------------------
-------------------------------------------
| rollout/                |               |
|    ep_len_mean          | 3.12e+04      |
|    ep_rew_mean          | -4.94e+04     |
| time/                   |               |
|    fps                  | 799           |
|    iterations           | 34            |
|    time_elapsed         | 87            |
|    total_timesteps      | 69632         |
| train/                  |               |
|    approx_kl            | 0.00012922837 |
|    clip_fraction        | 0             |
|    clip_range           | 0.2           |
|    entropy_loss         | -0.497        |
|    explained_variance   | 0.679         |
|    learning_rate        | 0.000165      |
|    loss                 | 43            |
|    n_updates            | 330           |
|    policy_gradient_loss | -0.000354     |
|    value_loss           | 166           |
-------------------------------------------
-------------------------------------------
| rollout/                |               |
|    ep_len_mean          | 3.12e+04      |
|    ep_rew_mean          | -4.94e+04     |
| time/                   |               |
|    fps                  | 796           |
|    iterations           | 35            |
|    time_elapsed         | 89            |
|    total_timesteps      | 71680         |
| train/                  |               |
|    approx_kl            | 0.00034146084 |
|    clip_fraction        | 0.000244      |
|    clip_range           | 0.2           |
|    entropy_loss         | -0.443        |
|    explained_variance   | 0.658         |
|    learning_rate        | 0.000161      |
|    loss                 | 4.31          |
|    n_updates            | 340           |
|    policy_gradient_loss | -0.000574     |
|    value_loss           | 13.2          |
-------------------------------------------
-----------------------------------------
| rollout/                |             |
|    ep_len_mean          | 3.12e+04    |
|    ep_rew_mean          | -4.94e+04   |
| time/                   |             |
|    fps                  | 793         |
|    iterations           | 36          |
|    time_elapsed         | 92          |
|    total_timesteps      | 73728       |
| train/                  |             |
|    approx_kl            | 0.005518728 |
|    clip_fraction        | 0.0381      |
|    clip_range           | 0.2         |
|    entropy_loss         | -0.485      |
|    explained_variance   | 0.277       |
|    learning_rate        | 0.000157    |
|    loss                 | 6.06        |
|    n_updates            | 350         |
|    policy_gradient_loss | -0.00447    |
|    value_loss           | 26.5        |
-----------------------------------------
------------------------------------------
| rollout/                |              |
|    ep_len_mean          | 3.12e+04     |
|    ep_rew_mean          | -4.94e+04    |
| time/                   |              |
|    fps                  | 792          |
|    iterations           | 37           |
|    time_elapsed         | 95           |
|    total_timesteps      | 75776        |
| train/                  |              |
|    approx_kl            | 0.0032301426 |
|    clip_fraction        | 0.0328       |
|    clip_range           | 0.2          |
|    entropy_loss         | -0.554       |
|    explained_variance   | -0.139       |
|    learning_rate        | 0.000153     |
|    loss                 | 3.52         |
|    n_updates            | 360          |
|    policy_gradient_loss | -0.00278     |
|    value_loss           | 12.8         |
------------------------------------------
-----------------------------------------
| rollout/                |             |
|    ep_len_mean          | 3.12e+04    |
|    ep_rew_mean          | -4.94e+04   |
| time/                   |             |
|    fps                  | 791         |
|    iterations           | 38          |
|    time_elapsed         | 98          |
|    total_timesteps      | 77824       |
| train/                  |             |
|    approx_kl            | 0.004507142 |
|    clip_fraction        | 0.0673      |
|    clip_range           | 0.2         |
|    entropy_loss         | -0.481      |
|    explained_variance   | 0.435       |
|    learning_rate        | 0.000148    |
|    loss                 | 0.67        |
|    n_updates            | 370         |
|    policy_gradient_loss | -0.0109     |
|    value_loss           | 3.38        |
-----------------------------------------
-----------------------------------------
| rollout/                |             |
|    ep_len_mean          | 3.12e+04    |
|    ep_rew_mean          | -4.94e+04   |
| time/                   |             |
|    fps                  | 788         |
|    iterations           | 39          |
|    time_elapsed         | 101         |
|    total_timesteps      | 79872       |
| train/                  |             |
|    approx_kl            | 0.008927027 |
|    clip_fraction        | 0.056       |
|    clip_range           | 0.2         |
|    entropy_loss         | -0.454      |
|    explained_variance   | -0.258      |
|    learning_rate        | 0.000144    |
|    loss                 | 0.3         |
|    n_updates            | 380         |
|    policy_gradient_loss | -0.00393    |
|    value_loss           | 3.27        |
-----------------------------------------
------------------------------------------
| rollout/                |              |
|    ep_len_mean          | 3.12e+04     |
|    ep_rew_mean          | -4.94e+04    |
| time/                   |              |
|    fps                  | 790          |
|    iterations           | 40           |
|    time_elapsed         | 103          |
|    total_timesteps      | 81920        |
| train/                  |              |
|    approx_kl            | 0.0029015455 |
|    clip_fraction        | 0.051        |
|    clip_range           | 0.2          |
|    entropy_loss         | -0.629       |
|    explained_variance   | -0.411       |
|    learning_rate        | 0.00014      |
|    loss                 | 0.675        |
|    n_updates            | 390          |
|    policy_gradient_loss | 0.00139      |
|    value_loss           | 12           |
------------------------------------------
------------------------------------------
| rollout/                |              |
|    ep_len_mean          | 3.12e+04     |
|    ep_rew_mean          | -4.94e+04    |
| time/                   |              |
|    fps                  | 791          |
|    iterations           | 41           |
|    time_elapsed         | 106          |
|    total_timesteps      | 83968        |
| train/                  |              |
|    approx_kl            | 0.0006340479 |
|    clip_fraction        | 4.88e-05     |
|    clip_range           | 0.2          |
|    entropy_loss         | -0.478       |
|    explained_variance   | 0.293        |
|    learning_rate        | 0.000136     |
|    loss                 | 15.1         |
|    n_updates            | 400          |
|    policy_gradient_loss | -0.00125     |
|    value_loss           | 42.2         |
------------------------------------------
------------------------------------------
| rollout/                |              |
|    ep_len_mean          | 3.12e+04     |
|    ep_rew_mean          | -4.94e+04    |
| time/                   |              |
|    fps                  | 792          |
|    iterations           | 42           |
|    time_elapsed         | 108          |
|    total_timesteps      | 86016        |
| train/                  |              |
|    approx_kl            | 0.0014947852 |
|    clip_fraction        | 0.00259      |
|    clip_range           | 0.2          |
|    entropy_loss         | -0.489       |
|    explained_variance   | -0.0195      |
|    learning_rate        | 0.000132     |
|    loss                 | 19.4         |
|    n_updates            | 410          |
|    policy_gradient_loss | -0.00313     |
|    value_loss           | 50.9         |
------------------------------------------
-------------------------------------------
| rollout/                |               |
|    ep_len_mean          | 3.12e+04      |
|    ep_rew_mean          | -4.94e+04     |
| time/                   |               |
|    fps                  | 790           |
|    iterations           | 43            |
|    time_elapsed         | 111           |
|    total_timesteps      | 88064         |
| train/                  |               |
|    approx_kl            | 0.00027033855 |
|    clip_fraction        | 0             |
|    clip_range           | 0.2           |
|    entropy_loss         | -0.455        |
|    explained_variance   | -0.00636      |
|    learning_rate        | 0.000128      |
|    loss                 | 31.4          |
|    n_updates            | 420           |
|    policy_gradient_loss | -0.000825     |
|    value_loss           | 75.7          |
-------------------------------------------
-------------------------------------------
| rollout/                |               |
|    ep_len_mean          | 3.12e+04      |
|    ep_rew_mean          | -4.94e+04     |
| time/                   |               |
|    fps                  | 789           |
|    iterations           | 44            |
|    time_elapsed         | 114           |
|    total_timesteps      | 90112         |
| train/                  |               |
|    approx_kl            | 0.00082884013 |
|    clip_fraction        | 0.00269       |
|    clip_range           | 0.2           |
|    entropy_loss         | -0.459        |
|    explained_variance   | 0.00376       |
|    learning_rate        | 0.000124      |
|    loss                 | 36.8          |
|    n_updates            | 430           |
|    policy_gradient_loss | -0.00215      |
|    value_loss           | 87.7          |
-------------------------------------------
-------------------------------------------
| rollout/                |               |
|    ep_len_mean          | 3.05e+04      |
|    ep_rew_mean          | -4.27e+04     |
| time/                   |               |
|    fps                  | 788           |
|    iterations           | 45            |
|    time_elapsed         | 116           |
|    total_timesteps      | 92160         |
| train/                  |               |
|    approx_kl            | 0.00055889424 |
|    clip_fraction        | 0             |
|    clip_range           | 0.2           |
|    entropy_loss         | -0.482        |
|    explained_variance   | 0.00339       |
|    learning_rate        | 0.00012       |
|    loss                 | 44.5          |
|    n_updates            | 440           |
|    policy_gradient_loss | -0.00125      |
|    value_loss           | 104           |
-------------------------------------------
------------------------------------------
| rollout/                |              |
|    ep_len_mean          | 3.05e+04     |
|    ep_rew_mean          | -4.27e+04    |
| time/                   |              |
|    fps                  | 789          |
|    iterations           | 46           |
|    time_elapsed         | 119          |
|    total_timesteps      | 94208        |
| train/                  |              |
|    approx_kl            | 0.0013365584 |
|    clip_fraction        | 0.00337      |
|    clip_range           | 0.2          |
|    entropy_loss         | -0.418       |
|    explained_variance   | -0.000568    |
|    learning_rate        | 0.000116     |
|    loss                 | 64.1         |
|    n_updates            | 450          |
|    policy_gradient_loss | -0.00177     |
|    value_loss           | 136          |
------------------------------------------
-------------------------------------------
| rollout/                |               |
|    ep_len_mean          | 3.05e+04      |
|    ep_rew_mean          | -4.27e+04     |
| time/                   |               |
|    fps                  | 790           |
|    iterations           | 47            |
|    time_elapsed         | 121           |
|    total_timesteps      | 96256         |
| train/                  |               |
|    approx_kl            | 0.00016908845 |
|    clip_fraction        | 0             |
|    clip_range           | 0.2           |
|    entropy_loss         | -0.502        |
|    explained_variance   | 0.000322      |
|    learning_rate        | 0.000112      |
|    loss                 | 69.1          |
|    n_updates            | 460           |
|    policy_gradient_loss | -0.000833     |
|    value_loss           | 154           |
-------------------------------------------
-------------------------------------------
| rollout/                |               |
|    ep_len_mean          | 3.05e+04      |
|    ep_rew_mean          | -4.27e+04     |
| time/                   |               |
|    fps                  | 791           |
|    iterations           | 48            |
|    time_elapsed         | 124           |
|    total_timesteps      | 98304         |
| train/                  |               |
|    approx_kl            | 0.00045348532 |
|    clip_fraction        | 0             |
|    clip_range           | 0.2           |
|    entropy_loss         | -0.536        |
|    explained_variance   | 0.00264       |
|    learning_rate        | 0.000107      |
|    loss                 | 38.7          |
|    n_updates            | 470           |
|    policy_gradient_loss | -0.00163      |
|    value_loss           | 89.7          |
-------------------------------------------
------------------------------------------
| rollout/                |              |
|    ep_len_mean          | 3.05e+04     |
|    ep_rew_mean          | -4.27e+04    |
| time/                   |              |
|    fps                  | 792          |
|    iterations           | 49           |
|    time_elapsed         | 126          |
|    total_timesteps      | 100352       |
| train/                  |              |
|    approx_kl            | 0.0007478545 |
|    clip_fraction        | 0.000146     |
|    clip_range           | 0.2          |
|    entropy_loss         | -0.495       |
|    explained_variance   | 0.00273      |
|    learning_rate        | 0.000103     |
|    loss                 | 10.8         |
|    n_updates            | 480          |
|    policy_gradient_loss | -0.000901    |
|    value_loss           | 37.1         |
------------------------------------------
-------------------------------------------
| rollout/                |               |
|    ep_len_mean          | 3.05e+04      |
|    ep_rew_mean          | -4.27e+04     |
| time/                   |               |
|    fps                  | 791           |
|    iterations           | 50            |
|    time_elapsed         | 129           |
|    total_timesteps      | 102400        |
| train/                  |               |
|    approx_kl            | 0.00016885952 |
|    clip_fraction        | 0             |
|    clip_range           | 0.2           |
|    entropy_loss         | -0.418        |
|    explained_variance   | -0.133        |
|    learning_rate        | 9.93e-05      |
|    loss                 | 6.49          |
|    n_updates            | 490           |
|    policy_gradient_loss | -0.000331     |
|    value_loss           | 24.3          |
-------------------------------------------
------------------------------------------
| rollout/                |              |
|    ep_len_mean          | 3.05e+04     |
|    ep_rew_mean          | -4.27e+04    |
| time/                   |              |
|    fps                  | 790          |
|    iterations           | 51           |
|    time_elapsed         | 132          |
|    total_timesteps      | 104448       |
| train/                  |              |
|    approx_kl            | 0.0015536163 |
|    clip_fraction        | 0.00991      |
|    clip_range           | 0.2          |
|    entropy_loss         | -0.555       |
|    explained_variance   | 0.517        |
|    learning_rate        | 9.52e-05     |
|    loss                 | 4.56         |
|    n_updates            | 500          |
|    policy_gradient_loss | -0.0013      |
|    value_loss           | 10           |
------------------------------------------
------------------------------------------
| rollout/                |              |
|    ep_len_mean          | 3.05e+04     |
|    ep_rew_mean          | -4.27e+04    |
| time/                   |              |
|    fps                  | 791          |
|    iterations           | 52           |
|    time_elapsed         | 134          |
|    total_timesteps      | 106496       |
| train/                  |              |
|    approx_kl            | 0.0035938988 |
|    clip_fraction        | 0.0331       |
|    clip_range           | 0.2          |
|    entropy_loss         | -0.506       |
|    explained_variance   | -0.249       |
|    learning_rate        | 9.11e-05     |
|    loss                 | 0.682        |
|    n_updates            | 510          |
|    policy_gradient_loss | -0.00606     |
|    value_loss           | 2.49         |
------------------------------------------
------------------------------------------
| rollout/                |              |
|    ep_len_mean          | 3.05e+04     |
|    ep_rew_mean          | -4.27e+04    |
| time/                   |              |
|    fps                  | 792          |
|    iterations           | 53           |
|    time_elapsed         | 136          |
|    total_timesteps      | 108544       |
| train/                  |              |
|    approx_kl            | 0.0015769803 |
|    clip_fraction        | 0.0147       |
|    clip_range           | 0.2          |
|    entropy_loss         | -0.426       |
|    explained_variance   | -0.067       |
|    learning_rate        | 8.7e-05      |
|    loss                 | 0.713        |
|    n_updates            | 520          |
|    policy_gradient_loss | -0.000697    |
|    value_loss           | 3.63         |
------------------------------------------
------------------------------------------
| rollout/                |              |
|    ep_len_mean          | 3.05e+04     |
|    ep_rew_mean          | -4.27e+04    |
| time/                   |              |
|    fps                  | 793          |
|    iterations           | 54           |
|    time_elapsed         | 139          |
|    total_timesteps      | 110592       |
| train/                  |              |
|    approx_kl            | 0.0034069836 |
|    clip_fraction        | 0.017        |
|    clip_range           | 0.2          |
|    entropy_loss         | -0.477       |
|    explained_variance   | -0.695       |
|    learning_rate        | 8.29e-05     |
|    loss                 | 0.891        |
|    n_updates            | 530          |
|    policy_gradient_loss | -0.00404     |
|    value_loss           | 3.62         |
------------------------------------------
------------------------------------------
| rollout/                |              |
|    ep_len_mean          | 3.05e+04     |
|    ep_rew_mean          | -4.27e+04    |
| time/                   |              |
|    fps                  | 793          |
|    iterations           | 55           |
|    time_elapsed         | 141          |
|    total_timesteps      | 112640       |
| train/                  |              |
|    approx_kl            | 0.0017958833 |
|    clip_fraction        | 0.00664      |
|    clip_range           | 0.2          |
|    entropy_loss         | -0.61        |
|    explained_variance   | 0.0334       |
|    learning_rate        | 7.88e-05     |
|    loss                 | 5.36         |
|    n_updates            | 540          |
|    policy_gradient_loss | -0.0023      |
|    value_loss           | 14.5         |
------------------------------------------
-------------------------------------------
| rollout/                |               |
|    ep_len_mean          | 3.05e+04      |
|    ep_rew_mean          | -4.27e+04     |
| time/                   |               |
|    fps                  | 794           |
|    iterations           | 56            |
|    time_elapsed         | 144           |
|    total_timesteps      | 114688        |
| train/                  |               |
|    approx_kl            | 0.00023771246 |
|    clip_fraction        | 0             |
|    clip_range           | 0.2           |
|    entropy_loss         | -0.548        |
|    explained_variance   | -0.0258       |
|    learning_rate        | 7.47e-05      |
|    loss                 | 18.8          |
|    n_updates            | 550           |
|    policy_gradient_loss | -0.000919     |
|    value_loss           | 44.1          |
-------------------------------------------
------------------------------------------
| rollout/                |              |
|    ep_len_mean          | 3.05e+04     |
|    ep_rew_mean          | -4.27e+04    |
| time/                   |              |
|    fps                  | 793          |
|    iterations           | 57           |
|    time_elapsed         | 147          |
|    total_timesteps      | 116736       |
| train/                  |              |
|    approx_kl            | 0.0008025515 |
|    clip_fraction        | 0.000732     |
|    clip_range           | 0.2          |
|    entropy_loss         | -0.444       |
|    explained_variance   | -0.463       |
|    learning_rate        | 7.06e-05     |
|    loss                 | 17.7         |
|    n_updates            | 560          |
|    policy_gradient_loss | -0.00203     |
|    value_loss           | 42.9         |
------------------------------------------
-------------------------------------------
| rollout/                |               |
|    ep_len_mean          | 3.05e+04      |
|    ep_rew_mean          | -4.27e+04     |
| time/                   |               |
|    fps                  | 792           |
|    iterations           | 58            |
|    time_elapsed         | 149           |
|    total_timesteps      | 118784        |
| train/                  |               |
|    approx_kl            | 0.00091898104 |
|    clip_fraction        | 0             |
|    clip_range           | 0.2           |
|    entropy_loss         | -0.48         |
|    explained_variance   | 0.134         |
|    learning_rate        | 6.65e-05      |
|    loss                 | 27.4          |
|    n_updates            | 570           |
|    policy_gradient_loss | -0.00177      |
|    value_loss           | 66.7          |
-------------------------------------------
------------------------------------------
| rollout/                |              |
|    ep_len_mean          | 3.05e+04     |
|    ep_rew_mean          | -4.27e+04    |
| time/                   |              |
|    fps                  | 791          |
|    iterations           | 59           |
|    time_elapsed         | 152          |
|    total_timesteps      | 120832       |
| train/                  |              |
|    approx_kl            | 0.0002109867 |
|    clip_fraction        | 0            |
|    clip_range           | 0.2          |
|    entropy_loss         | -0.467       |
|    explained_variance   | -0.00791     |
|    learning_rate        | 6.24e-05     |
|    loss                 | 38.1         |
|    n_updates            | 580          |
|    policy_gradient_loss | -0.00089     |
|    value_loss           | 82.2         |
------------------------------------------
------------------------------------------
| rollout/                |              |
|    ep_len_mean          | 3.07e+04     |
|    ep_rew_mean          | -3.99e+04    |
| time/                   |              |
|    fps                  | 791          |
|    iterations           | 60           |
|    time_elapsed         | 155          |
|    total_timesteps      | 122880       |
| train/                  |              |
|    approx_kl            | 0.0001856242 |
|    clip_fraction        | 0            |
|    clip_range           | 0.2          |
|    entropy_loss         | -0.469       |
|    explained_variance   | 0.00824      |
|    learning_rate        | 5.83e-05     |
|    loss                 | 42.1         |
|    n_updates            | 590          |
|    policy_gradient_loss | -0.000704    |
|    value_loss           | 91.5         |
------------------------------------------
-------------------------------------------
| rollout/                |               |
|    ep_len_mean          | 3.07e+04      |
|    ep_rew_mean          | -3.99e+04     |
| time/                   |               |
|    fps                  | 793           |
|    iterations           | 61            |
|    time_elapsed         | 157           |
|    total_timesteps      | 124928        |
| train/                  |               |
|    approx_kl            | 2.8224284e-05 |
|    clip_fraction        | 0             |
|    clip_range           | 0.2           |
|    entropy_loss         | -0.391        |
|    explained_variance   | -0.00109      |
|    learning_rate        | 5.42e-05      |
|    loss                 | 50.7          |
|    n_updates            | 600           |
|    policy_gradient_loss | -0.000122     |
|    value_loss           | 110           |
-------------------------------------------
-------------------------------------------
| rollout/                |               |
|    ep_len_mean          | 3.07e+04      |
|    ep_rew_mean          | -3.99e+04     |
| time/                   |               |
|    fps                  | 793           |
|    iterations           | 62            |
|    time_elapsed         | 159           |
|    total_timesteps      | 126976        |
| train/                  |               |
|    approx_kl            | 0.00012303071 |
|    clip_fraction        | 0             |
|    clip_range           | 0.2           |
|    entropy_loss         | -0.48         |
|    explained_variance   | -0.00186      |
|    learning_rate        | 5.01e-05      |
|    loss                 | 78.2          |
|    n_updates            | 610           |
|    policy_gradient_loss | -0.000372     |
|    value_loss           | 161           |
-------------------------------------------
-------------------------------------------
| rollout/                |               |
|    ep_len_mean          | 3.07e+04      |
|    ep_rew_mean          | -3.99e+04     |
| time/                   |               |
|    fps                  | 793           |
|    iterations           | 63            |
|    time_elapsed         | 162           |
|    total_timesteps      | 129024        |
| train/                  |               |
|    approx_kl            | 3.6151323e-05 |
|    clip_fraction        | 0             |
|    clip_range           | 0.2           |
|    entropy_loss         | -0.449        |
|    explained_variance   | 0.00401       |
|    learning_rate        | 4.6e-05       |
|    loss                 | 46.5          |
|    n_updates            | 620           |
|    policy_gradient_loss | -0.000177     |
|    value_loss           | 96.5          |
-------------------------------------------
-------------------------------------------
| rollout/                |               |
|    ep_len_mean          | 3.07e+04      |
|    ep_rew_mean          | -3.99e+04     |
| time/                   |               |
|    fps                  | 794           |
|    iterations           | 64            |
|    time_elapsed         | 164           |
|    total_timesteps      | 131072        |
| train/                  |               |
|    approx_kl            | 0.00014312199 |
|    clip_fraction        | 0             |
|    clip_range           | 0.2           |
|    entropy_loss         | -0.466        |
|    explained_variance   | 0.00013       |
|    learning_rate        | 4.2e-05       |
|    loss                 | 18.4          |
|    n_updates            | 630           |
|    policy_gradient_loss | -0.000594     |
|    value_loss           | 39.8          |
-------------------------------------------
------------------------------------------
| rollout/                |              |
|    ep_len_mean          | 3.07e+04     |
|    ep_rew_mean          | -3.99e+04    |
| time/                   |              |
|    fps                  | 795          |
|    iterations           | 65           |
|    time_elapsed         | 167          |
|    total_timesteps      | 133120       |
| train/                  |              |
|    approx_kl            | 0.0009085736 |
|    clip_fraction        | 0.000977     |
|    clip_range           | 0.2          |
|    entropy_loss         | -0.416       |
|    explained_variance   | -0.017       |
|    learning_rate        | 3.79e-05     |
|    loss                 | 2.54         |
|    n_updates            | 640          |
|    policy_gradient_loss | -0.00238     |
|    value_loss           | 6.62         |
------------------------------------------
------------------------------------------
| rollout/                |              |
|    ep_len_mean          | 3.07e+04     |
|    ep_rew_mean          | -3.99e+04    |
| time/                   |              |
|    fps                  | 795          |
|    iterations           | 66           |
|    time_elapsed         | 169          |
|    total_timesteps      | 135168       |
| train/                  |              |
|    approx_kl            | 0.0006348514 |
|    clip_fraction        | 0.00083      |
|    clip_range           | 0.2          |
|    entropy_loss         | -0.458       |
|    explained_variance   | -0.259       |
|    learning_rate        | 3.38e-05     |
|    loss                 | 1.35         |
|    n_updates            | 650          |
|    policy_gradient_loss | -0.000723    |
|    value_loss           | 3.6          |
------------------------------------------
------------------------------------------
| rollout/                |              |
|    ep_len_mean          | 3.07e+04     |
|    ep_rew_mean          | -3.99e+04    |
| time/                   |              |
|    fps                  | 796          |
|    iterations           | 67           |
|    time_elapsed         | 172          |
|    total_timesteps      | 137216       |
| train/                  |              |
|    approx_kl            | 0.0028688349 |
|    clip_fraction        | 0.026        |
|    clip_range           | 0.2          |
|    entropy_loss         | -0.345       |
|    explained_variance   | 0.612        |
|    learning_rate        | 2.97e-05     |
|    loss                 | 0.229        |
|    n_updates            | 660          |
|    policy_gradient_loss | -0.00597     |
|    value_loss           | 0.769        |
------------------------------------------
------------------------------------------
| rollout/                |              |
|    ep_len_mean          | 3.07e+04     |
|    ep_rew_mean          | -3.99e+04    |
| time/                   |              |
|    fps                  | 797          |
|    iterations           | 68           |
|    time_elapsed         | 174          |
|    total_timesteps      | 139264       |
| train/                  |              |
|    approx_kl            | 0.0021828166 |
|    clip_fraction        | 0.0083       |
|    clip_range           | 0.2          |
|    entropy_loss         | -0.378       |
|    explained_variance   | 0.822        |
|    learning_rate        | 2.56e-05     |
|    loss                 | 0.519        |
|    n_updates            | 670          |
|    policy_gradient_loss | -0.0022      |
|    value_loss           | 1.68         |
------------------------------------------
------------------------------------------
| rollout/                |              |
|    ep_len_mean          | 3.07e+04     |
|    ep_rew_mean          | -3.99e+04    |
| time/                   |              |
|    fps                  | 799          |
|    iterations           | 69           |
|    time_elapsed         | 176          |
|    total_timesteps      | 141312       |
| train/                  |              |
|    approx_kl            | 0.0002527953 |
|    clip_fraction        | 0.000146     |
|    clip_range           | 0.2          |
|    entropy_loss         | -0.39        |
|    explained_variance   | 0.393        |
|    learning_rate        | 2.15e-05     |
|    loss                 | 1.32         |
|    n_updates            | 680          |
|    policy_gradient_loss | -0.000891    |
|    value_loss           | 3.62         |
------------------------------------------
-------------------------------------------
| rollout/                |               |
|    ep_len_mean          | 3.07e+04      |
|    ep_rew_mean          | -3.99e+04     |
| time/                   |               |
|    fps                  | 801           |
|    iterations           | 70            |
|    time_elapsed         | 178           |
|    total_timesteps      | 143360        |
| train/                  |               |
|    approx_kl            | 0.00011792421 |
|    clip_fraction        | 0             |
|    clip_range           | 0.2           |
|    entropy_loss         | -0.404        |
|    explained_variance   | 0.0606        |
|    learning_rate        | 1.74e-05      |
|    loss                 | 4.14          |
|    n_updates            | 690           |
|    policy_gradient_loss | -0.000538     |
|    value_loss           | 8.39          |
-------------------------------------------
-------------------------------------------
| rollout/                |               |
|    ep_len_mean          | 3.07e+04      |
|    ep_rew_mean          | -3.99e+04     |
| time/                   |               |
|    fps                  | 802           |
|    iterations           | 71            |
|    time_elapsed         | 181           |
|    total_timesteps      | 145408        |
| train/                  |               |
|    approx_kl            | 1.0708405e-05 |
|    clip_fraction        | 0             |
|    clip_range           | 0.2           |
|    entropy_loss         | -0.369        |
|    explained_variance   | -0.000929     |
|    learning_rate        | 1.33e-05      |
|    loss                 | 15.9          |
|    n_updates            | 700           |
|    policy_gradient_loss | -0.000225     |
|    value_loss           | 32.5          |
-------------------------------------------
------------------------------------------
| rollout/                |              |
|    ep_len_mean          | 3.07e+04     |
|    ep_rew_mean          | -3.99e+04    |
| time/                   |              |
|    fps                  | 803          |
|    iterations           | 72           |
|    time_elapsed         | 183          |
|    total_timesteps      | 147456       |
| train/                  |              |
|    approx_kl            | 4.564383e-06 |
|    clip_fraction        | 0            |
|    clip_range           | 0.2          |
|    entropy_loss         | -0.343       |
|    explained_variance   | 0.0348       |
|    learning_rate        | 9.18e-06     |
|    loss                 | 14.9         |
|    n_updates            | 710          |
|    policy_gradient_loss | -0.000139    |
|    value_loss           | 30.5         |
------------------------------------------
-------------------------------------------
| rollout/                |               |
|    ep_len_mean          | 3.07e+04      |
|    ep_rew_mean          | -3.99e+04     |
| time/                   |               |
|    fps                  | 805           |
|    iterations           | 73            |
|    time_elapsed         | 185           |
|    total_timesteps      | 149504        |
| train/                  |               |
|    approx_kl            | 1.3976824e-06 |
|    clip_fraction        | 0             |
|    clip_range           | 0.2           |
|    entropy_loss         | -0.375        |
|    explained_variance   | 0.0107        |
|    learning_rate        | 5.09e-06      |
|    loss                 | 21            |
|    n_updates            | 720           |
|    policy_gradient_loss | -6.35e-05     |
|    value_loss           | 43.3          |
-------------------------------------------
------------------------------------------
| rollout/                |              |
|    ep_len_mean          | 3.07e+04     |
|    ep_rew_mean          | -3.99e+04    |
| time/                   |              |
|    fps                  | 806          |
|    iterations           | 74           |
|    time_elapsed         | 187          |
|    total_timesteps      | 151552       |
| train/                  |              |
|    approx_kl            | 9.103678e-08 |
|    clip_fraction        | 0            |
|    clip_range           | 0.2          |
|    entropy_loss         | -0.366       |
|    explained_variance   | 0.0121       |
|    learning_rate        | 9.92e-07     |
|    loss                 | 28.1         |
|    n_updates            | 730          |
|    policy_gradient_loss | -1.38e-05    |
|    value_loss           | 57.4         |
------------------------------------------

=== RESULT ===
  position dist: {'short_frac': 0.3271018593371059, 'flat_frac': 0.07548504446240906, 'long_frac': 0.597413096200485}
  cumulative_return=-5.13%  sharpe=-0.17  max_dd=-21.55%
  entropy first->last: -1.0941313698887825 -> -0.366499687358737
  model -> C:\Users\Abhishek Sharma\Desktop\RawPPO\methods\rawPPo\models\rawppo_modern_entc03.zip
  curve -> C:\Users\Abhishek Sharma\Desktop\RawPPO\methods\rawPPo\diagnostics\ppo_training_curve_modern_entc03.csv
